<?xml version="1.0" encoding="UTF-8"?>
<!-- Generated by org.testng.reporters.JUnitReportReporter -->
<testsuite hostname="sanjayas-MacBook-Air.local" failures="0" tests="5" name="com.datadriven.test.OrangeHrmTest" time="24.922" errors="0" timestamp="2021-01-16T13:18:52 CST" skipped="0">
  <testcase classname="com.datadriven.test.OrangeHrmTest" name="orangeHrmRegPageTest" time="4.618"/>
  <system-out/>
  <testcase classname="com.datadriven.test.OrangeHrmTest" name="orangeHrmRegPageTest" time="4.549"/>
  <system-out/>
  <testcase classname="com.datadriven.test.OrangeHrmTest" name="orangeHrmRegPageTest" time="4.544"/>
  <system-out/>
  <testcase classname="com.datadriven.test.OrangeHrmTest" name="orangeHrmRegPageTest" time="4.641"/>
  <system-out/>
  <testcase classname="com.datadriven.test.OrangeHrmTest" name="orangeHrmRegPageTest" time="6.570"/>
  <system-out/>
</testsuite> <!-- com.datadriven.test.OrangeHrmTest -->
